接收到的查询: "{\"file_paths\": [\"/home/agent/Desktop/[BYRBT].Harry.Potter.Collection.2001-2011.Bluray.1080p.VC-1.AVC.TrueHD.DTS-HD.MA5.1-NGB.torrent\"]}"
解析后的数据: {"file_paths": ["/home/agent/Desktop/[BYRBT].Harry.Potter.Collection.2001-2011.Bluray.1080p.VC-1.AVC.TrueHD.DTS-HD.MA5.1-NGB.torrent"]}
接收到的查询: "{\"file_paths\": [\"/home/agent/Desktop/[BYRBT].Harry.Potter.Collection.2001-2011.Bluray.1080p.VC-1.AVC.TrueHD.DTS-HD.MA5.1-NGB.torrent\"]}"
解析后的数据: {"file_paths": ["/home/agent/Desktop/[BYRBT].Harry.Potter.Collection.2001-2011.Bluray.1080p.VC-1.AVC.TrueHD.DTS-HD.MA5.1-NGB.torrent"]}
接收到的查询: "{\"file_paths\": [\"/home/agent/Desktop/[BYRBT].Harry.Potter.Collection.2001-2011.Bluray.1080p.VC-1.AVC.TrueHD.DTS-HD.MA5.1-NGB.torrent\"]}"
解析后的数据: {"file_paths": ["/home/agent/Desktop/[BYRBT].Harry.Potter.Collection.2001-2011.Bluray.1080p.VC-1.AVC.TrueHD.DTS-HD.MA5.1-NGB.torrent"]}
接收到的查询: "{\"file_paths\": [\"/home/agent/Desktop/[BYRBT].Harry.Potter.Collection.2001-2011.Bluray.1080p.VC-1.AVC.TrueHD.DTS-HD.MA5.1-NGB.torrent\"]}"
type(data): <class 'str'>
解析后的数据: {"file_paths": ["/home/agent/Desktop/[BYRBT].Harry.Potter.Collection.2001-2011.Bluray.1080p.VC-1.AVC.TrueHD.DTS-HD.MA5.1-NGB.torrent"]}
接收到的查询: "{\"file_paths\": [\"/home/agent/Desktop/[BYRBT].Harry.Potter.Collection.2001-2011.Bluray.1080p.VC-1.AVC.TrueHD.DTS-HD.MA5.1-NGB.torrent\"]}"
接收到的查询: "{\"file_paths\": [\"/home/agent/Desktop/[BYRBT].Harry.Potter.Collection.2001-2011.Bluray.1080p.VC-1.AVC.TrueHD.DTS-HD.MA5.1-NGB.torrent\"]}"
接收到的查询: "{\"file_paths\": [\"/home/agent/Desktop/[BYRBT].Harry.Potter.Collection.2001-2011.Bluray.1080p.VC-1.AVC.TrueHD.DTS-HD.MA5.1-NGB.torrent\"]}"
type(data): <class 'str'>
解析后的数据: {"file_paths": ["/home/agent/Desktop/[BYRBT].Harry.Potter.Collection.2001-2011.Bluray.1080p.VC-1.AVC.TrueHD.DTS-HD.MA5.1-NGB.torrent"]}
接收到的查询: "{\"file_paths\": [\"/home/agent/Desktop/[BYRBT].Harry.Potter.Collection.2001-2011.Bluray.1080p.VC-1.AVC.TrueHD.DTS-HD.MA5.1-NGB.torrent\"]}"
type(data): <class 'dict'>
解析后的数据: {'file_paths': ['/home/agent/Desktop/[BYRBT].Harry.Potter.Collection.2001-2011.Bluray.1080p.VC-1.AVC.TrueHD.DTS-HD.MA5.1-NGB.torrent']}
接收到的查询: {\"file_paths\": [\"/home/agent/Desktop/[BYRBT].Harry.Potter.Collection.2001-2011.Bluray.1080p.VC-1.AVC.TrueHD.DTS-HD.MA5.1-NGB.torrent\"]}
接收到的查询: {\"file_paths\": [\"/home/agent/Desktop/[BYRBT].Harry.Potter.Collection.2001-2011.Bluray.1080p.VC-1.AVC.TrueHD.DTS-HD.MA5.1-NGB.torrent\"]}
接收到的查询: {\"file_paths\": [\"/home/agent/Desktop/[BYRBT].Harry.Potter.Collection.2001-2011.Bluray.1080p.VC-1.AVC.TrueHD.DTS-HD.MA5.1-NGB.torrent\"]}
接收到的查询: {\"file_paths\": [\"/home/agent/Desktop/[BYRBT].Harry.Potter.Collection.2001-2011.Bluray.1080p.VC-1.AVC.TrueHD.DTS-HD.MA5.1-NGB.torrent\"]}
接收到的查询: {\"file_paths\": [\"/home/agent/Desktop/[BYRBT].Harry.Potter.Collection.2001-2011.Bluray.1080p.VC-1.AVC.TrueHD.DTS-HD.MA5.1-NGB.torrent\"]}
接收到的查询: {\"file_paths\": [\"/home/agent/Desktop/[BYRBT].Harry.Potter.Collection.2001-2011.Bluray.1080p.VC-1.AVC.TrueHD.DTS-HD.MA5.1-NGB.torrent\"]}
接收到的查询: {\"file_paths\": [\"/home/agent/Desktop/[BYRBT].Harry.Potter.Collection.2001-2011.Bluray.1080p.VC-1.AVC.TrueHD.DTS-HD.MA5.1-NGB.torrent\"]}
接收到的查询: /home/agent/Desktop/[BYRBT].Harry.Potter.Collection.2001-2011.Bluray.1080p.VC-1.AVC.TrueHD.DTS-HD.MA5.1-NGB.torrent
接收到的查询: /home/agent/Desktop/[BYRBT].Harry.Potter.Collection.2001-2011.Bluray.1080p.VC-1.AVC.TrueHD.DTS-HD.MA5.1-NGB.torrent
接收到的查询: /home/agent/Desktop/[BYRBT].Harry.Potter.Collection.2001-2011.Bluray.1080p.VC-1.AVC.TrueHD.DTS-HD.MA5.1-NGB.torrent
接收到的查询: /home/agent/Desktop/[BYRBT].Harry.Potter.Collection.2001-2011.Bluray.1080p.VC-1.AVC.TrueHD.DTS-HD.MA5.1-NGB.torrent
接收到的查询: /home/agent/Desktop/[BYRBT].Harry.Potter.Collection.2001-2011.Bluray.1080p.VC-1.AVC.TrueHD.DTS-HD.MA5.1-NGB.torrent
接收到的查询: /home/agent/Desktop/[BYRBT].Harry.Potter.Collection.2001-2011.Bluray.1080p.VC-1.AVC.TrueHD.DTS-HD.MA5.1-NGB.torrent
接收到的查询: /home/agent/Desktop/[BYRBT].Harry.Potter.Collection.2001-2011.Bluray.1080p.VC-1.AVC.TrueHD.DTS-HD.MA5.1-NGB.torrent
接收到的查询: "/home/agent/Desktop/[BYRBT].Harry.Potter.Collection.2001-2011.Bluray.1080p.VC-1.AVC.TrueHD.DTS-HD.MA5.1-NGB.torrent"
接收到的查询: /home/agent/Desktop/[BYRBT].Harry.Potter.Collection.2001-2011.Bluray.1080p.VC-1.AVC.TrueHD.DTS-HD.MA5.1-NGB.torrent
接收到的查询: /home/agent/Desktop/[BYRBT].Harry.Potter.Collection.2001-2011.Bluray.1080p.VC-1.AVC.TrueHD.DTS-HD.MA5.1-NGB.torrent
接收到的查询: /home/agent/Desktop/[BYRBT].Harry.Potter.Collection.2001-2011.Bluray.1080p.VC-1.AVC.TrueHD.DTS-HD.MA5.1-NGB.torrent
接收到的查询: /workspace/files/[BYRBT].Harry.Potter.Collection.2001-2011.Bluray.1080p.VC-1.AVC.TrueHD.DTS-HD.MA5.1-NGB.torrent
接收到的查询: /workspace/files/[BYRBT].Harry.Potter.Collection.2001-2011.Bluray.1080p.VC-1.AVC.TrueHD.DTS-HD.MA5.1-NGB.torrent
接收到的查询: /tmp/harry_potter_collection.torrent
接收到的查询: magnet:?xt=urn:btih:d46e57a9b92bdb23c1f41ff07c43215f5ca8bccb&dn=Harry.Potter.Collection.2001-2011.Bluray.1080p.VC-1.AVC.TrueHD.DTS-HD.MA5.1-NGB
接收到的查询: /workspace/files/[BYRBT].Harry.Potter.Collection.2001-2011.Bluray.1080p.VC-1.AVC.TrueHD.DTS-HD.MA5.1-NGB.torrent
接收到的查询: /workspace/files/[BYRBT].Harry.Potter.Collection.2001-2011.Bluray.1080p.VC-1.AVC.TrueHD.DTS-HD.MA5.1-NGB.torrent
